0 info it worked if it ends with ok
1 verbose cli [ '/Users/nickmask/.nvm/versions/node/v5.0.0/bin/node',
1 verbose cli   '/Users/nickmask/.nvm/versions/node/v5.0.0/bin/npm',
1 verbose cli   'run',
1 verbose cli   'test' ]
2 info using npm@3.3.6
3 info using node@v5.0.0
4 verbose run-script [ 'pretest', 'test', 'posttest' ]
5 info lifecycle voting-client@1.0.0~pretest: voting-client@1.0.0
6 silly lifecycle voting-client@1.0.0~pretest: no script for pretest, continuing
7 info lifecycle voting-client@1.0.0~test: voting-client@1.0.0
8 verbose lifecycle voting-client@1.0.0~test: unsafe-perm in lifecycle true
9 verbose lifecycle voting-client@1.0.0~test: PATH: /Users/nickmask/.nvm/versions/node/v5.0.0/lib/node_modules/npm/bin/node-gyp-bin:/Users/nickmask/workspace/voting-client/node_modules/.bin:/Users/nickmask/.nvm/versions/node/v5.0.0/bin:/usr/local/bin:/usr/bin:/bin:/usr/sbin:/sbin
10 verbose lifecycle voting-client@1.0.0~test: CWD: /Users/nickmask/workspace/voting-client
11 silly lifecycle voting-client@1.0.0~test: Args: [ '-c',
11 silly lifecycle   'mocha --compilers js:babel-core/register --require ./test/test_helper.js "test/**/*@(.js|.jsx)"' ]
12 silly lifecycle voting-client@1.0.0~test: Returned: code: 1  signal: null
13 info lifecycle voting-client@1.0.0~test: Failed to exec test script
14 verbose stack Error: voting-client@1.0.0 test: `mocha --compilers js:babel-core/register --require ./test/test_helper.js "test/**/*@(.js|.jsx)"`
14 verbose stack Exit status 1
14 verbose stack     at EventEmitter.<anonymous> (/Users/nickmask/.nvm/versions/node/v5.0.0/lib/node_modules/npm/lib/utils/lifecycle.js:233:16)
14 verbose stack     at emitTwo (events.js:87:13)
14 verbose stack     at EventEmitter.emit (events.js:172:7)
14 verbose stack     at ChildProcess.<anonymous> (/Users/nickmask/.nvm/versions/node/v5.0.0/lib/node_modules/npm/lib/utils/spawn.js:24:14)
14 verbose stack     at emitTwo (events.js:87:13)
14 verbose stack     at ChildProcess.emit (events.js:172:7)
14 verbose stack     at maybeClose (internal/child_process.js:818:16)
14 verbose stack     at Process.ChildProcess._handle.onexit (internal/child_process.js:211:5)
15 verbose pkgid voting-client@1.0.0
16 verbose cwd /Users/nickmask/workspace/voting-client
17 error Darwin 15.6.0
18 error argv "/Users/nickmask/.nvm/versions/node/v5.0.0/bin/node" "/Users/nickmask/.nvm/versions/node/v5.0.0/bin/npm" "run" "test"
19 error node v5.0.0
20 error npm  v3.3.6
21 error code ELIFECYCLE
22 error voting-client@1.0.0 test: `mocha --compilers js:babel-core/register --require ./test/test_helper.js "test/**/*@(.js|.jsx)"`
22 error Exit status 1
23 error Failed at the voting-client@1.0.0 test script 'mocha --compilers js:babel-core/register --require ./test/test_helper.js "test/**/*@(.js|.jsx)"'.
23 error This is most likely a problem with the voting-client package,
23 error not with npm itself.
23 error Tell the author that this fails on your system:
23 error     mocha --compilers js:babel-core/register --require ./test/test_helper.js "test/**/*@(.js|.jsx)"
23 error You can get their info via:
23 error     npm owner ls voting-client
23 error There is likely additional logging output above.
24 verbose exit [ 1, true ]
